0000001 | [info] - mu: 2
0000002 | [info] - # leading order Debye mass
0000003 | [info] - Boltzmann/gq2gq/rate/fmax dim=2
0000004 | [info] - Boltzmann/gq2gq/rate/scalar dim=2
0000005 | [info] - Boltzmann/gq2gq/rate/vector dim=2
0000006 | [info] - Boltzmann/gq2gq/rate/tensor dim=2
0000007 | [info] - Boltzmann/gq2gq/xsection/fmax dim=2
0000008 | [info] - Boltzmann/gq2gq/xsection/scalar dim=2
0000009 | [info] - Boltzmann/gq2gq/xsection/vector dim=2
0000010 | [info] - Boltzmann/gq2gq/xsection/tensor dim=2
0000011 | [info] - Boltzmann/gg2gg/rate/fmax dim=2
0000012 | [info] - Boltzmann/gg2gg/rate/scalar dim=2
0000013 | [info] - Boltzmann/gg2gg/rate/vector dim=2
0000014 | [info] - Boltzmann/gg2gg/rate/tensor dim=2
0000015 | [info] - Boltzmann/gg2gg/xsection/fmax dim=2
0000016 | [info] - Boltzmann/gg2gg/xsection/scalar dim=2
0000017 | [info] - Boltzmann/gg2gg/xsection/vector dim=2
0000018 | [info] - Boltzmann/gg2gg/xsection/tensor dim=2
0000019 | [info] - Boltzmann/gq2gqg/rate/fmax dim=2
0000020 | [info] - Boltzmann/gq2gqg/rate/scalar dim=2
0000021 | [info] - Boltzmann/gq2gqg/xsection/fmax dim=2
0000022 | [info] - Boltzmann/gq2gqg/xsection/scalar dim=2
0000023 | [info] - Boltzmann/gg2ggg/rate/fmax dim=2
0000024 | [info] - Boltzmann/gg2ggg/rate/scalar dim=2
0000025 | [info] - Boltzmann/gg2ggg/xsection/fmax dim=2
0000026 | [info] - Boltzmann/gg2ggg/xsection/scalar dim=2
0000027 | [info] - Boltzmann/gqg2gq/rate/fmax dim=2
0000028 | [info] - Boltzmann/gqg2gq/rate/scalar dim=2
0000029 | [info] - Boltzmann/gqg2gq/xsection/fmax dim=4
0000030 | [info] - Boltzmann/gqg2gq/xsection/scalar dim=4
0000031 | [info] - Boltzmann/ggg2gg/rate/fmax dim=2
0000032 | [info] - Boltzmann/ggg2gg/rate/scalar dim=2
0000033 | [info] - Boltzmann/ggg2gg/xsection/fmax dim=4
0000034 | [info] - Boltzmann/ggg2gg/xsection/scalar dim=4
0000035 | [info] - Boltzmann/g2gg/rate/fmax dim=2
0000036 | [info] - Boltzmann/g2gg/rate/scalar dim=2
0000037 | [info] - Boltzmann/gg2g/rate/fmax dim=2
0000038 | [info] - Boltzmann/gg2g/rate/scalar dim=2
0000039 | [info] - Boltzmann/gq2qqqbar/rate/fmax dim=2
0000040 | [info] - Boltzmann/gq2qqqbar/rate/scalar dim=2
0000041 | [info] - Boltzmann/gq2qqqbar/xsection/fmax dim=2
0000042 | [info] - Boltzmann/gq2qqqbar/xsection/scalar dim=2
0000043 | [info] - Boltzmann/gg2qgqbar/rate/fmax dim=2
0000044 | [info] - Boltzmann/gg2qgqbar/rate/scalar dim=2
0000045 | [info] - Boltzmann/gg2qgqbar/xsection/fmax dim=2
0000046 | [info] - Boltzmann/gg2qgqbar/xsection/scalar dim=2
0000047 | [info] - Boltzmann/g2qqbar/rate/fmax dim=2
0000048 | [info] - Boltzmann/g2qqbar/rate/scalar dim=2
0000049 | [info] - Boltzmann/qq2qq/rate/fmax dim=2
0000050 | [info] - Boltzmann/qq2qq/rate/scalar dim=2
0000051 | [info] - Boltzmann/qq2qq/rate/vector dim=2
0000052 | [info] - Boltzmann/qq2qq/rate/tensor dim=2
0000053 | [info] - Boltzmann/qq2qq/xsection/fmax dim=2
0000054 | [info] - Boltzmann/qq2qq/xsection/scalar dim=2
0000055 | [info] - Boltzmann/qq2qq/xsection/vector dim=2
0000056 | [info] - Boltzmann/qq2qq/xsection/tensor dim=2
0000057 | [info] - Boltzmann/qg2qg/rate/fmax dim=2
0000058 | [info] - Boltzmann/qg2qg/rate/scalar dim=2
0000059 | [info] - Boltzmann/qg2qg/rate/vector dim=2
0000060 | [info] - Boltzmann/qg2qg/rate/tensor dim=2
0000061 | [info] - Boltzmann/qg2qg/xsection/fmax dim=2
0000062 | [info] - Boltzmann/qg2qg/xsection/scalar dim=2
0000063 | [info] - Boltzmann/qg2qg/xsection/vector dim=2
0000064 | [info] - Boltzmann/qg2qg/xsection/tensor dim=2
0000065 | [info] - Boltzmann/qq2qqg/rate/fmax dim=2
0000066 | [info] - Boltzmann/qq2qqg/rate/scalar dim=2
0000067 | [info] - Boltzmann/qq2qqg/xsection/fmax dim=2
0000068 | [info] - Boltzmann/qq2qqg/xsection/scalar dim=2
0000069 | [info] - Boltzmann/qg2qgg/rate/fmax dim=2
0000070 | [info] - Boltzmann/qg2qgg/rate/scalar dim=2
0000071 | [info] - Boltzmann/qg2qgg/xsection/fmax dim=2
0000072 | [info] - Boltzmann/qg2qgg/xsection/scalar dim=2
0000073 | [info] - Boltzmann/qqg2qq/rate/fmax dim=2
0000074 | [info] - Boltzmann/qqg2qq/rate/scalar dim=2
0000075 | [info] - Boltzmann/qqg2qq/xsection/fmax dim=4
0000076 | [info] - Boltzmann/qqg2qq/xsection/scalar dim=4
0000077 | [info] - Boltzmann/qgg2qg/rate/fmax dim=2
0000078 | [info] - Boltzmann/qgg2qg/rate/scalar dim=2
0000079 | [info] - Boltzmann/qgg2qg/xsection/fmax dim=4
0000080 | [info] - Boltzmann/qgg2qg/xsection/scalar dim=4
0000081 | [info] - Boltzmann/q2qg/rate/fmax dim=2
0000082 | [info] - Boltzmann/q2qg/rate/scalar dim=2
0000083 | [info] - Boltzmann/qg2q/rate/fmax dim=2
0000084 | [info] - Boltzmann/qg2q/rate/scalar dim=2
0000085 | [info] - Boltzmann/cq2cq/rate/fmax dim=2
0000086 | [info] - Boltzmann/cq2cq/rate/scalar dim=2
0000087 | [info] - Boltzmann/cq2cq/rate/vector dim=2
0000088 | [info] - Boltzmann/cq2cq/rate/tensor dim=2
0000089 | [info] - Boltzmann/cq2cq/xsection/fmax dim=2
0000090 | [info] - Boltzmann/cq2cq/xsection/scalar dim=2
0000091 | [info] - Boltzmann/cq2cq/xsection/vector dim=2
0000092 | [info] - Boltzmann/cq2cq/xsection/tensor dim=2
0000093 | [info] - Boltzmann/cg2cg/rate/fmax dim=2
0000094 | [info] - Boltzmann/cg2cg/rate/scalar dim=2
0000095 | [info] - Boltzmann/cg2cg/rate/vector dim=2
0000096 | [info] - Boltzmann/cg2cg/rate/tensor dim=2
0000097 | [info] - Boltzmann/cg2cg/xsection/fmax dim=2
0000098 | [info] - Boltzmann/cg2cg/xsection/scalar dim=2
0000099 | [info] - Boltzmann/cg2cg/xsection/vector dim=2
0000100 | [info] - Boltzmann/cg2cg/xsection/tensor dim=2
0000101 | [info] - Boltzmann/cq2cqg/rate/fmax dim=2
0000102 | [info] - Boltzmann/cq2cqg/rate/scalar dim=2
0000103 | [info] - Boltzmann/cq2cqg/xsection/fmax dim=2
0000104 | [info] - Boltzmann/cq2cqg/xsection/scalar dim=2
0000105 | [info] - Boltzmann/cg2cgg/rate/fmax dim=2
0000106 | [info] - Boltzmann/cg2cgg/rate/scalar dim=2
0000107 | [info] - Boltzmann/cg2cgg/xsection/fmax dim=2
0000108 | [info] - Boltzmann/cg2cgg/xsection/scalar dim=2
0000109 | [info] - Boltzmann/cqg2cq/rate/fmax dim=2
0000110 | [info] - Boltzmann/cqg2cq/rate/scalar dim=2
0000111 | [info] - Boltzmann/cqg2cq/xsection/fmax dim=4
0000112 | [info] - Boltzmann/cqg2cq/xsection/scalar dim=4
0000113 | [info] - Boltzmann/cgg2cg/rate/fmax dim=2
0000114 | [info] - Boltzmann/cgg2cg/rate/scalar dim=2
0000115 | [info] - Boltzmann/cgg2cg/xsection/fmax dim=4
0000116 | [info] - Boltzmann/cgg2cg/xsection/scalar dim=4
0000117 | [info] - Boltzmann/c2cg/rate/fmax dim=2
0000118 | [info] - Boltzmann/c2cg/rate/scalar dim=2
0000119 | [info] - Boltzmann/cg2c/rate/fmax dim=2
0000120 | [info] - Boltzmann/cg2c/rate/scalar dim=2
0000121 | [info] - Boltzmann/bq2bq/rate/fmax dim=2
0000122 | [info] - Boltzmann/bq2bq/rate/scalar dim=2
0000123 | [info] - Boltzmann/bq2bq/rate/vector dim=2
0000124 | [info] - Boltzmann/bq2bq/rate/tensor dim=2
0000125 | [info] - Boltzmann/bq2bq/xsection/fmax dim=2
0000126 | [info] - Boltzmann/bq2bq/xsection/scalar dim=2
0000127 | [info] - Boltzmann/bq2bq/xsection/vector dim=2
0000128 | [info] - Boltzmann/bq2bq/xsection/tensor dim=2
0000129 | [info] - Boltzmann/bg2bg/rate/fmax dim=2
0000130 | [info] - Boltzmann/bg2bg/rate/scalar dim=2
0000131 | [info] - Boltzmann/bg2bg/rate/vector dim=2
0000132 | [info] - Boltzmann/bg2bg/rate/tensor dim=2
0000133 | [info] - Boltzmann/bg2bg/xsection/fmax dim=2
0000134 | [info] - Boltzmann/bg2bg/xsection/scalar dim=2
0000135 | [info] - Boltzmann/bg2bg/xsection/vector dim=2
0000136 | [info] - Boltzmann/bg2bg/xsection/tensor dim=2
0000137 | [info] - Boltzmann/bq2bqg/rate/fmax dim=2
0000138 | [info] - Boltzmann/bq2bqg/rate/scalar dim=2
0000139 | [info] - Boltzmann/bq2bqg/xsection/fmax dim=2
0000140 | [info] - Boltzmann/bq2bqg/xsection/scalar dim=2
0000141 | [info] - Boltzmann/bg2bgg/rate/fmax dim=2
0000142 | [info] - Boltzmann/bg2bgg/rate/scalar dim=2
0000143 | [info] - Boltzmann/bg2bgg/xsection/fmax dim=2
0000144 | [info] - Boltzmann/bg2bgg/xsection/scalar dim=2
0000145 | [info] - Boltzmann/bqg2bq/rate/fmax dim=2
0000146 | [info] - Boltzmann/bqg2bq/rate/scalar dim=2
0000147 | [info] - Boltzmann/bqg2bq/xsection/fmax dim=4
0000148 | [info] - Boltzmann/bqg2bq/xsection/scalar dim=4
0000149 | [info] - Boltzmann/bgg2bg/rate/fmax dim=2
0000150 | [info] - Boltzmann/bgg2bg/rate/scalar dim=2
0000151 | [info] - Boltzmann/bgg2bg/xsection/fmax dim=4